<?xml version="1.0" encoding="UTF-8"?>
<!-- Generated by org.testng.reporters.JUnitReportReporter -->
<testsuite skipped="0" hostname="Hatices-MacBook-Air-2.local" name="com.app.runners.CukesRunner" tests="1" failures="0" timestamp="25 Jul 2018 16:28:44 GMT" time="20.787" errors="0">
  <testcase name="runScenario" time="20.787" classname="com.app.runners.CukesRunner"/>
</testsuite> <!-- com.app.runners.CukesRunner -->
