<?xml version="1.0" encoding="UTF-8"?>
<!-- Generated by org.testng.reporters.JUnitReportReporter -->
<testsuite skipped="1" hostname="adils-MacBook-Pro.local" name="com.app.runners.CukesRunner" tests="1" failures="0" timestamp="07 Sep 2018 13:50:34 GMT" time="18.063" errors="0">
  <testcase name="runScenario" time="18.063" classname="com.app.runners.CukesRunner">
    <skipped/>
  </testcase> <!-- runScenario -->
</testsuite> <!-- com.app.runners.CukesRunner -->
