<?xml version="1.0" encoding="UTF-8"?>
<!-- Generated by org.testng.reporters.JUnitReportReporter -->
<testsuite skipped="0" hostname="Hatices-MacBook-Air-2.local" name="com.app.tests.BasicDataDrivenTest" tests="1" failures="0" timestamp="25 Jul 2018 03:08:07 GMT" time="27.669" errors="0">
  <testcase name="dataDrivenMileageCalculatorTest" time="27.669" classname="com.app.tests.BasicDataDrivenTest"/>
</testsuite> <!-- com.app.tests.BasicDataDrivenTest -->
